<?xml version="1.0" encoding="UTF-8"?>
<testsuite name="RecipeTest" tests="11" skipped="0" failures="0" errors="0" timestamp="2016-05-11T21:17:28" hostname="epicodus-39.local" time="0.186">
  <properties/>
  <testcase name="delete_deletesRecipeFromDB_true" classname="RecipeTest" time="0.043"/>
  <testcase name="Recipe_ingredientsAreReturnedInList_List" classname="RecipeTest" time="0.004"/>
  <testcase name="addTags_addsTag_true" classname="RecipeTest" time="0.032"/>
  <testcase name="Recipe_returnsTrueIfNamesAreEqual_true" classname="RecipeTest" time="0.006"/>
  <testcase name="find_findsRecipeById_true" classname="RecipeTest" time="0.017"/>
  <testcase name="save_savesRecipes_true" classname="RecipeTest" time="0.014"/>
  <testcase name="getRating_returnsRating_int" classname="RecipeTest" time="0.004"/>
  <testcase name="Recipe_recipeInstantiatesCorrectky_true" classname="RecipeTest" time="0.005"/>
  <testcase name="getDate_returnsDate_Date" classname="RecipeTest" time="0.004"/>
  <testcase name="update_updateRecipeName_true" classname="RecipeTest" time="0.017"/>
  <testcase name="addTags_addsMultipleTags_true" classname="RecipeTest" time="0.034"/>
  <system-out><![CDATA[]]></system-out>
  <system-err><![CDATA[]]></system-err>
</testsuite>
