<?xml version="1.0" encoding="UTF-8"?>
<testsuite name="IngredientTest" tests="2" skipped="0" failures="0" errors="0" timestamp="2016-05-11T21:17:27" hostname="epicodus-39.local" time="0.085">
  <properties/>
  <testcase name="IngredientList_ingredientsAreReturnedInList_List" classname="IngredientTest" time="0.08"/>
  <testcase name="Ingredient_ingredientInstantiatesCorrectly_true" classname="IngredientTest" time="0.005"/>
  <system-out><![CDATA[]]></system-out>
  <system-err><![CDATA[]]></system-err>
</testsuite>
