<?xml version="1.0" encoding="UTF-8"?>
<testsuite name="AppTest" tests="1" skipped="0" failures="1" errors="0" timestamp="2016-05-12T17:59:44" hostname="epicodus-51.local" time="0.366">
  <properties/>
  <testcase name="rootTest" classname="AppTest" time="0.366">
    <failure message="java.lang.AssertionError: &#10;Expecting:&#10; &lt;&quot;&lt;?xml version=&quot;1.0&quot; encoding=&quot;UTF-8&quot;?&gt;&#13;&#10;&lt;html&gt;&#13;&#10;  &lt;head&gt;&#13;&#10;    &lt;meta charset=&quot;utf-8&quot;/&gt;&#13;&#10;    &lt;title&gt;&#13;&#10;      Title&#13;&#10;    &lt;/title&gt;&#13;&#10;    &lt;link rel=&quot;stylesheet&quot; href=&quot;/app.css&quot;/&gt;&#13;&#10;    &lt;link rel=&quot;stylesheet&quot; href=&quot;/skeleton.css&quot;/&gt;&#13;&#10;    &lt;link rel=&quot;stylesheet&quot; href=&quot;https://maxcdn.bootstrapcdn.com/bootstrap/3.3.6/css/bootstrap.min.css&quot; integrity=&quot;sha384-1q8mTJOASx8j1Au+a5WDVnPi2lkFfwwEAa8hDDdjZlpLegxhjVME1fgjWPGmkzs7&quot; crossorigin=&quot;anonymous&quot;/&gt;&#13;&#10;  &lt;/head&gt;&#13;&#10;  &lt;body class=&quot;bod&quot;&gt;&#13;&#10;    &lt;div class=&quot;container&quot;&gt;&#13;&#10;      &lt;h1 class=&quot;jumbotron&quot;&gt;&#13;&#10;        Recipe Box&#13;&#10;      &lt;/h1&gt;&#13;&#10;      &lt;div class=&quot;col-md-6&quot;&gt;&#13;&#10;        &lt;h3&gt;&#13;&#10;          Choose a recipe:&#13;&#10;        &lt;/h3&gt;&#13;&#10;        &lt;ul&gt;&#13;&#10;        &lt;/ul&gt;&#13;&#10;      &lt;/div&gt;&#13;&#10;      &lt;div class=&quot;col-md-6&quot;&gt;&#13;&#10;        &lt;h3&gt;&#13;&#10;          Add a recipe:&#13;&#10;        &lt;/h3&gt;&#13;&#10;        &lt;form action=&quot;/&quot; method=&quot;post&quot;&gt;&#13;&#10;          &lt;div class=&quot;form-group&quot;&gt;&#13;&#10;            &lt;input class=&quot;form-control&quot; for=&quot;name&quot; name=&quot;name&quot; placeholder=&quot;Name:&quot; type=&quot;text&quot;/&gt;&#13;&#10;          &lt;/div&gt;&#13;&#10;          &lt;div class=&quot;form-group&quot;&gt;&#13;&#10;            &lt;input class=&quot;form-control&quot; for=&quot;ingredients&quot; name=&quot;ingredients&quot; placeholder=&quot;Ingredients: (example) beef, cheese, salsa, bacon&quot; type=&quot;text&quot;/&gt;&#13;&#10;          &lt;/div&gt;&#13;&#10;          &lt;div class=&quot;form-group&quot;&gt;&#13;&#10;            &lt;textarea class=&quot;form-control&quot; for=&quot;instructions&quot; name=&quot;instructions&quot; placeholder=&quot;Instructions:&quot;&gt;&lt;/textarea&gt;          &lt;/div&gt;&#13;&#10;          &lt;div class=&quot;form-group&quot;&gt;&#13;&#10;            &lt;input class=&quot;form-control&quot; for=&quot;rating&quot; name=&quot;rating&quot; placeholder=&quot;Rating (out of 5 stars):&quot; type=&quot;text&quot;/&gt;&#13;&#10;          &lt;/div&gt;&#13;&#10;          &lt;div class=&quot;form-group&quot;&gt;&#13;&#10;            &lt;input class=&quot;form-control&quot; for=&quot;category&quot; name=&quot;category&quot; placeholder=&quot;Food Category:&quot; type=&quot;text&quot;/&gt;&#13;&#10;          &lt;/div&gt;&#13;&#10;          &lt;div class=&quot;form-group col-xs-2&quot;&gt;&#13;&#10;            &lt;button class=&quot;btn btn-primary&quot; type=&quot;submit&quot;&gt;&#13;&#10;              Add&#13;&#10;            &lt;/button&gt;&#13;&#10;          &lt;/div&gt;&#13;&#10;        &lt;/form&gt;&#13;&#10;      &lt;/div&gt;&#13;&#10;    &lt;/div&gt;&#13;&#10;  &lt;/body&gt;&#13;&#10;&lt;/html&gt;&#13;&#10;&quot;&gt;&#10;to contain:&#10; &lt;&quot;RecipeBox&quot;&gt; " type="java.lang.AssertionError">java.lang.AssertionError: 
Expecting:
 &lt;&quot;&lt;?xml version=&quot;1.0&quot; encoding=&quot;UTF-8&quot;?&gt;
&lt;html&gt;
  &lt;head&gt;
    &lt;meta charset=&quot;utf-8&quot;/&gt;
    &lt;title&gt;
      Title
    &lt;/title&gt;
    &lt;link rel=&quot;stylesheet&quot; href=&quot;/app.css&quot;/&gt;
    &lt;link rel=&quot;stylesheet&quot; href=&quot;/skeleton.css&quot;/&gt;
    &lt;link rel=&quot;stylesheet&quot; href=&quot;https://maxcdn.bootstrapcdn.com/bootstrap/3.3.6/css/bootstrap.min.css&quot; integrity=&quot;sha384-1q8mTJOASx8j1Au+a5WDVnPi2lkFfwwEAa8hDDdjZlpLegxhjVME1fgjWPGmkzs7&quot; crossorigin=&quot;anonymous&quot;/&gt;
  &lt;/head&gt;
  &lt;body class=&quot;bod&quot;&gt;
    &lt;div class=&quot;container&quot;&gt;
      &lt;h1 class=&quot;jumbotron&quot;&gt;
        Recipe Box
      &lt;/h1&gt;
      &lt;div class=&quot;col-md-6&quot;&gt;
        &lt;h3&gt;
          Choose a recipe:
        &lt;/h3&gt;
        &lt;ul&gt;
        &lt;/ul&gt;
      &lt;/div&gt;
      &lt;div class=&quot;col-md-6&quot;&gt;
        &lt;h3&gt;
          Add a recipe:
        &lt;/h3&gt;
        &lt;form action=&quot;/&quot; method=&quot;post&quot;&gt;
          &lt;div class=&quot;form-group&quot;&gt;
            &lt;input class=&quot;form-control&quot; for=&quot;name&quot; name=&quot;name&quot; placeholder=&quot;Name:&quot; type=&quot;text&quot;/&gt;
          &lt;/div&gt;
          &lt;div class=&quot;form-group&quot;&gt;
            &lt;input class=&quot;form-control&quot; for=&quot;ingredients&quot; name=&quot;ingredients&quot; placeholder=&quot;Ingredients: (example) beef, cheese, salsa, bacon&quot; type=&quot;text&quot;/&gt;
          &lt;/div&gt;
          &lt;div class=&quot;form-group&quot;&gt;
            &lt;textarea class=&quot;form-control&quot; for=&quot;instructions&quot; name=&quot;instructions&quot; placeholder=&quot;Instructions:&quot;&gt;&lt;/textarea&gt;          &lt;/div&gt;
          &lt;div class=&quot;form-group&quot;&gt;
            &lt;input class=&quot;form-control&quot; for=&quot;rating&quot; name=&quot;rating&quot; placeholder=&quot;Rating (out of 5 stars):&quot; type=&quot;text&quot;/&gt;
          &lt;/div&gt;
          &lt;div class=&quot;form-group&quot;&gt;
            &lt;input class=&quot;form-control&quot; for=&quot;category&quot; name=&quot;category&quot; placeholder=&quot;Food Category:&quot; type=&quot;text&quot;/&gt;
          &lt;/div&gt;
          &lt;div class=&quot;form-group col-xs-2&quot;&gt;
            &lt;button class=&quot;btn btn-primary&quot; type=&quot;submit&quot;&gt;
              Add
            &lt;/button&gt;
          &lt;/div&gt;
        &lt;/form&gt;
      &lt;/div&gt;
    &lt;/div&gt;
  &lt;/body&gt;
&lt;/html&gt;
&quot;&gt;
to contain:
 &lt;&quot;RecipeBox&quot;&gt; 
	at AppTest.rootTest(AppTest.java:23)
	at sun.reflect.NativeMethodAccessorImpl.invoke0(Native Method)
	at sun.reflect.NativeMethodAccessorImpl.invoke(NativeMethodAccessorImpl.java:62)
	at sun.reflect.DelegatingMethodAccessorImpl.invoke(DelegatingMethodAccessorImpl.java:43)
	at java.lang.reflect.Method.invoke(Method.java:497)
	at org.junit.runners.model.FrameworkMethod$1.runReflectiveCall(FrameworkMethod.java:50)
	at org.junit.internal.runners.model.ReflectiveCallable.run(ReflectiveCallable.java:12)
	at org.junit.runners.model.FrameworkMethod.invokeExplosively(FrameworkMethod.java:47)
	at org.junit.internal.runners.statements.InvokeMethod.evaluate(InvokeMethod.java:17)
	at org.junit.rules.TestWatcher$1.evaluate(TestWatcher.java:55)
	at org.junit.rules.TestWatcher$1.evaluate(TestWatcher.java:55)
	at org.junit.rules.RunRules.evaluate(RunRules.java:20)
	at org.junit.runners.ParentRunner.runLeaf(ParentRunner.java:325)
	at org.junit.runners.BlockJUnit4ClassRunner.runChild(BlockJUnit4ClassRunner.java:78)
	at org.junit.runners.BlockJUnit4ClassRunner.runChild(BlockJUnit4ClassRunner.java:57)
	at org.junit.runners.ParentRunner$3.run(ParentRunner.java:290)
	at org.junit.runners.ParentRunner$1.schedule(ParentRunner.java:71)
	at org.junit.runners.ParentRunner.runChildren(ParentRunner.java:288)
	at org.junit.runners.ParentRunner.access$000(ParentRunner.java:58)
	at org.junit.runners.ParentRunner$2.evaluate(ParentRunner.java:268)
	at org.junit.internal.runners.statements.RunAfters.evaluate(RunAfters.java:27)
	at org.junit.rules.ExternalResource$1.evaluate(ExternalResource.java:48)
	at org.junit.rules.RunRules.evaluate(RunRules.java:20)
	at org.junit.runners.ParentRunner.run(ParentRunner.java:363)
	at org.gradle.api.internal.tasks.testing.junit.JUnitTestClassExecuter.runTestClass(JUnitTestClassExecuter.java:105)
	at org.gradle.api.internal.tasks.testing.junit.JUnitTestClassExecuter.execute(JUnitTestClassExecuter.java:56)
	at org.gradle.api.internal.tasks.testing.junit.JUnitTestClassProcessor.processTestClass(JUnitTestClassProcessor.java:64)
	at org.gradle.api.internal.tasks.testing.SuiteTestClassProcessor.processTestClass(SuiteTestClassProcessor.java:50)
	at sun.reflect.NativeMethodAccessorImpl.invoke0(Native Method)
	at sun.reflect.NativeMethodAccessorImpl.invoke(NativeMethodAccessorImpl.java:62)
	at sun.reflect.DelegatingMethodAccessorImpl.invoke(DelegatingMethodAccessorImpl.java:43)
	at java.lang.reflect.Method.invoke(Method.java:497)
	at org.gradle.messaging.dispatch.ReflectionDispatch.dispatch(ReflectionDispatch.java:35)
	at org.gradle.messaging.dispatch.ReflectionDispatch.dispatch(ReflectionDispatch.java:24)
	at org.gradle.messaging.dispatch.ContextClassLoaderDispatch.dispatch(ContextClassLoaderDispatch.java:32)
	at org.gradle.messaging.dispatch.ProxyDispatchAdapter$DispatchingInvocationHandler.invoke(ProxyDispatchAdapter.java:93)
	at com.sun.proxy.$Proxy2.processTestClass(Unknown Source)
	at org.gradle.api.internal.tasks.testing.worker.TestWorker.processTestClass(TestWorker.java:106)
	at sun.reflect.NativeMethodAccessorImpl.invoke0(Native Method)
	at sun.reflect.NativeMethodAccessorImpl.invoke(NativeMethodAccessorImpl.java:62)
	at sun.reflect.DelegatingMethodAccessorImpl.invoke(DelegatingMethodAccessorImpl.java:43)
	at java.lang.reflect.Method.invoke(Method.java:497)
	at org.gradle.messaging.dispatch.ReflectionDispatch.dispatch(ReflectionDispatch.java:35)
	at org.gradle.messaging.dispatch.ReflectionDispatch.dispatch(ReflectionDispatch.java:24)
	at org.gradle.messaging.remote.internal.hub.MessageHub$Handler.run(MessageHub.java:360)
	at org.gradle.internal.concurrent.ExecutorPolicy$CatchAndRecordFailures.onExecute(ExecutorPolicy.java:54)
	at org.gradle.internal.concurrent.StoppableExecutorImpl$1.run(StoppableExecutorImpl.java:40)
	at java.util.concurrent.ThreadPoolExecutor.runWorker(ThreadPoolExecutor.java:1142)
	at java.util.concurrent.ThreadPoolExecutor$Worker.run(ThreadPoolExecutor.java:617)
	at java.lang.Thread.run(Thread.java:745)
</failure>
  </testcase>
  <system-out><![CDATA[]]></system-out>
  <system-err><![CDATA[[Thread-4] INFO org.eclipse.jetty.util.log - Logging initialized @533ms
[Thread-4] INFO spark.webserver.JettySparkServer - == Spark has ignited ...
[Thread-4] INFO spark.webserver.JettySparkServer - >> Listening on 0.0.0.0:4567
[Thread-4] INFO org.eclipse.jetty.server.Server - jetty-9.3.2.v20150730
[Thread-4] INFO org.eclipse.jetty.server.ServerConnector - Started ServerConnector@44822568{HTTP/1.1,[http/1.1]}{0.0.0.0:4567}
[Thread-4] INFO org.eclipse.jetty.server.Server - Started @609ms
[Test worker] INFO spark.webserver.JettySparkServer - >>> Spark shutting down ...
[Test worker] INFO org.eclipse.jetty.server.ServerConnector - Stopped ServerConnector@44822568{HTTP/1.1,[http/1.1]}{0.0.0.0:4567}
[Test worker] INFO spark.webserver.JettySparkServer - done
]]></system-err>
</testsuite>
